<?xml version="1.0" encoding="utf-8"?><testsuites name="pytest tests"><testsuite name="pytest" errors="0" failures="0" skipped="0" tests="8" time="5.371" timestamp="2026-07-26T20:54:12.665778+00:00" hostname="agent-env-ce581858-e199-408f-9444-cb73b6e56641"><testcase classname="tests.test_auth_provider_fix" name="test_health" time="0.004" /><testcase classname="tests.test_auth_provider_fix" name="test_login_selftest2_regression" time="0.258" /><testcase classname="tests.test_auth_provider_fix" name="test_register_sets_password_provider_unverified" time="0.482" /><testcase classname="tests.test_auth_provider_fix" name="test_password_user_google_link_does_not_auto_verify" time="1.033" /><testcase classname="tests.test_auth_provider_fix" name="test_verification_after_google_link_verifies_user" time="0.716" /><testcase classname="tests.test_auth_provider_fix" name="test_first_time_google_user_autoverifies_and_emails" time="0.505" /><testcase classname="tests.test_auth_provider_fix" name="test_migration_backfill_google_and_password" time="0.319" /><testcase classname="tests.test_auth_provider_fix" name="test_admin_stats_and_user_list_show_original_provider" time="1.547" /></testsuite></testsuites>