<?xml version="1.0" encoding="utf-8"?><testsuites name="pytest tests"><testsuite name="pytest" errors="0" failures="0" skipped="0" tests="13" time="7.103" timestamp="2026-07-27T21:15:17.648328+00:00" hostname="agent-env-ac3c6e5b-c27d-43d7-9e18-9867b37268d9"><testcase classname="tests.test_candle_store.TestLatestPage" name="test_latest_shape" time="0.012" /><testcase classname="tests.test_candle_store.TestPagination" name="test_before_contiguous" time="0.019" /><testcase classname="tests.test_candle_store.TestPagination" name="test_before_repeated_identical" time="0.027" /><testcase classname="tests.test_candle_store.TestRestartPersistence" name="test_identical_after_restart" time="6.305" /><testcase classname="tests.test_candle_store.TestTimeframes" name="test_tf_returns_data[5]" time="0.004" /><testcase classname="tests.test_candle_store.TestTimeframes" name="test_tf_returns_data[300]" time="0.004" /><testcase classname="tests.test_candle_store.TestTimeframes" name="test_tf_returns_data[3600]" time="0.006" /><testcase classname="tests.test_candle_store.TestTimeframes" name="test_tf_returns_data[14400]" time="0.004" /><testcase classname="tests.test_candle_store.TestTimeframes" name="test_tf_returns_data[86400]" time="0.004" /><testcase classname="tests.test_candle_store.TestTimeframes" name="test_invalid_tf" time="0.002" /><testcase classname="tests.test_candle_store.TestTimeframes" name="test_unknown_symbol" time="0.001" /><testcase classname="tests.test_candle_store.TestTimeframes" name="test_tf5_has_limited_depth" time="0.651" /><testcase classname="tests.test_candle_store.TestAggregation" name="test_5m_matches_1m" time="0.012" /></testsuite></testsuites>