<?xml version="1.0" encoding="utf-8"?><testsuites name="pytest tests"><testsuite name="pytest" errors="0" failures="0" skipped="0" tests="7" time="3.152" timestamp="2026-07-24T20:36:03.033177+00:00" hostname="agent-env-31637d69-9328-4c13-ac1a-bfd137840395"><testcase classname="tests.test_cors_and_auth" name="test_health" time="2.054" /><testcase classname="tests.test_cors_and_auth" name="test_public_config_has_google_client_id" time="0.002" /><testcase classname="tests.test_cors_and_auth" name="test_preflight_allowed_origin" time="0.002" /><testcase classname="tests.test_cors_and_auth" name="test_preflight_blocked_origin" time="0.001" /><testcase classname="tests.test_cors_and_auth" name="test_login_allowed_origin_sets_cors_and_returns_token" time="0.238" /><testcase classname="tests.test_cors_and_auth" name="test_login_blocked_origin_no_cors_header" time="0.229" /><testcase classname="tests.test_cors_and_auth" name="test_login_standard_flow_no_origin" time="0.229" /></testsuite></testsuites>