<?xml version="1.0" encoding="utf-8"?><testsuites name="pytest tests"><testsuite name="pytest" errors="0" failures="0" skipped="0" tests="12" time="53.454" timestamp="2026-07-26T20:55:26.120012+00:00" hostname="agent-env-ce581858-e199-408f-9444-cb73b6e56641"><testcase classname="tests.test_deploy_email_script" name="test_embedded_matches_source[emailer.py-emailer.py]" time="0.002" /><testcase classname="tests.test_deploy_email_script" name="test_embedded_matches_source[models.py-models.py]" time="0.000" /><testcase classname="tests.test_deploy_email_script" name="test_embedded_matches_source[seed.py-seed.py]" time="0.000" /><testcase classname="tests.test_deploy_email_script" name="test_embedded_matches_source[routes/auth_routes.py-routes/auth_routes.py]" time="0.000" /><testcase classname="tests.test_deploy_email_script" name="test_embedded_matches_source[routes/admin_routes.py-routes/admin_routes.py]" time="0.000" /><testcase classname="tests.test_deploy_email_script" name="test_auth_routes_has_new_code" time="0.000" /><testcase classname="tests.test_deploy_email_script" name="test_emailer_has_green_bg" time="0.000" /><testcase classname="tests.test_deploy_email_script" name="test_bash_syntax" time="0.006" /><testcase classname="tests.test_deploy_email_script" name="test_deploy_simulation_success" time="5.098" /><testcase classname="tests.test_deploy_email_script" name="test_deploy_simulation_health_failure_branch" time="47.179" /><testcase classname="tests.test_deploy_email_script" name="test_local_backend_health" time="0.002" /><testcase classname="tests.test_deploy_email_script" name="test_local_login_selftest_user" time="0.239" /></testsuite></testsuites>