<?xml version="1.0" encoding="utf-8"?><testsuites name="pytest tests"><testsuite name="pytest" errors="0" failures="0" skipped="0" tests="17" time="0.289" timestamp="2026-08-13T15:54:13.261056+00:00" hostname="agent-env-b6cd4dfe-c47f-4e73-bbc6-c9d1b7764467"><testcase classname="tests.test_price_at_and_patch" name="test_price_at_returns_tick_at_exact_ts" time="0.000" /><testcase classname="tests.test_price_at_and_patch" name="test_price_at_returns_last_le_ts" time="0.000" /><testcase classname="tests.test_price_at_and_patch" name="test_price_at_future_returns_current" time="0.000" /><testcase classname="tests.test_price_at_and_patch" name="test_price_at_before_history_returns_earliest" time="0.000" /><testcase classname="tests.test_price_at_and_patch" name="test_price_at_invalid_ts" time="0.000" /><testcase classname="tests.test_price_at_and_patch" name="test_price_at_unknown_symbol" time="0.000" /><testcase classname="tests.test_price_at_and_patch" name="test_entry_price_uses_client_tick_within_window" time="0.000" /><testcase classname="tests.test_price_at_and_patch" name="test_entry_price_falls_back_when_stamp_too_old" time="0.000" /><testcase classname="tests.test_price_at_and_patch" name="test_entry_price_falls_back_when_stamp_in_future" time="0.000" /><testcase classname="tests.test_price_at_and_patch" name="test_settle_uses_price_at_expiry_not_now" time="0.000" /><testcase classname="tests.test_price_at_and_patch" name="test_patch_bash_syntax_ok" time="0.004" /><testcase classname="tests.test_price_at_and_patch" name="test_patch_embeds_current_market_py" time="0.001" /><testcase classname="tests.test_price_at_and_patch" name="test_patch_embeds_current_trade_routes" time="0.001" /><testcase classname="tests.test_price_at_and_patch" name="test_patch_embeds_current_ws_routes" time="0.000" /><testcase classname="tests.test_price_at_and_patch" name="test_patch_contains_only_expected_files" time="0.000" /><testcase classname="tests.test_price_at_and_patch" name="test_trade_routes_has_client_tick_and_window" time="0.000" /><testcase classname="tests.test_price_at_and_patch" name="test_ws_routes_uses_price_at_expiry_and_100ms_sleep" time="0.000" /></testsuite></testsuites>