<?xml version="1.0" encoding="utf-8"?><testsuites name="pytest tests"><testsuite name="pytest" errors="0" failures="0" skipped="0" tests="12" time="8.214" timestamp="2026-07-26T07:54:44.026442+00:00" hostname="agent-env-ce581858-e199-408f-9444-cb73b6e56641"><testcase classname="tests.test_auth_google_reset" name="test_health" time="1.288" /><testcase classname="tests.test_auth_google_reset" name="test_login_selftest_user" time="0.246" /><testcase classname="tests.test_auth_google_reset" name="test_register_flow_queues_two_emails" time="1.786" /><testcase classname="tests.test_auth_google_reset" name="test_forgot_password_for_google_only_user_creates_token_and_queues_email" time="1.283" /><testcase classname="tests.test_auth_google_reset" name="test_full_reset_flow_for_google_only_user" time="0.668" /><testcase classname="tests.test_auth_google_reset" name="test_forgot_password_normal_user" time="0.967" /><testcase classname="tests.test_auth_google_reset" name="test_forgot_password_unknown_email" time="0.507" /><testcase classname="tests.test_auth_google_reset" name="test_generate_strong_password_unit" time="0.459" /><testcase classname="tests.test_auth_google_reset" name="test_google_welcome_email_template" time="0.000" /><testcase classname="tests.test_auth_google_reset" name="test_welcome_email_verified_flag" time="0.000" /><testcase classname="tests.test_auth_google_reset" name="test_email_templates_use_single_green_rectangle_design" time="0.000" /><testcase classname="tests.test_auth_google_reset" name="test_google_auth_new_user_flow_sends_two_emails_no_verification" time="0.411" /></testsuite></testsuites>