<?xml version="1.0" encoding="utf-8"?><testsuites name="pytest tests"><testsuite name="pytest" errors="0" failures="1" skipped="0" tests="8" time="5.947" timestamp="2026-07-27T03:50:13.307577+00:00" hostname="agent-env-ac3c6e5b-c27d-43d7-9e18-9867b37268d9"><testcase classname="tests.test_two_fa.TestLoginFlow" name="test_login_returns_requires_2fa_and_no_token" time="2.541" /><testcase classname="tests.test_two_fa.TestToggleFlow" name="test_full_toggle_off_and_login_bypass_2fa" time="3.337" /><testcase classname="tests.test_two_fa.TestLoginFlow" name="test_verify_wrong_code_400" time="0.321" /><testcase classname="tests.test_two_fa.TestLoginFlow" name="test_verify_right_code_returns_token_and_cookie" time="1.348" /><testcase classname="tests.test_two_fa.TestToggleFlow" name="test_re_enable_toggle_requires_code_then_login_needs_2fa" time="1.075" /><testcase classname="tests.test_two_fa.TestLoginFlow" name="test_max_attempts_locks_code" time="0.974" /><testcase classname="tests.test_two_fa.TestRegistration" name="test_register_auto_enables_2fa_and_returns_token" time="0.455" /><testcase classname="tests.test_two_fa.TestResendThrottle" name="test_resend_throttle" time="0.315"><failure message="AssertionError: {&quot;detail&quot;:&quot;Please wait a few seconds before requesting a new code.&quot;}&#10;assert 429 == 200&#10; +  where 429 = &lt;Response [429]&gt;.status_code">backend/tests/test_two_fa.py:114: in test_resend_throttle
    assert r1.status_code == 200, r1.text
E   AssertionError: {"detail":"Please wait a few seconds before requesting a new code."}
E   assert 429 == 200
E    +  where 429 = &lt;Response [429]&gt;.status_code</failure></testcase></testsuite></testsuites>