<?xml version="1.0" encoding="utf-8"?><testsuites name="pytest tests"><testsuite name="pytest" errors="0" failures="0" skipped="0" tests="7" time="4.485" timestamp="2026-07-23T08:45:56.324859+00:00" hostname="agent-env-6ded457e-597c-4ee9-9d68-2ff57a98cb37"><testcase classname="tests.test_vps_deploy_bundle" name="test_script_exists_and_syntax_ok" time="0.004" /><testcase classname="tests.test_vps_deploy_bundle" name="test_bundle_runs_without_no_such_file" time="2.071" /><testcase classname="tests.test_vps_deploy_bundle" name="test_all_seven_files_exist_and_nonempty" time="0.000" /><testcase classname="tests.test_vps_deploy_bundle" name="test_all_seven_files_parse_as_python" time="0.014" /><testcase classname="tests.test_vps_deploy_bundle" name="test_all_seven_files_byte_identical_to_source" time="0.001" /><testcase classname="tests.test_vps_deploy_bundle" name="test_backup_dir_created_with_prior_files" time="0.001" /><testcase classname="tests.test_vps_deploy_bundle" name="test_bundle_tolerates_missing_prior_files" time="2.050" /></testsuite></testsuites>