<?xml version="1.0" encoding="utf-8"?><testsuites name="pytest tests"><testsuite name="pytest" errors="0" failures="0" skipped="0" tests="3" time="9.435" timestamp="2026-07-27T05:30:32.025579+00:00" hostname="agent-env-ac3c6e5b-c27d-43d7-9e18-9867b37268d9"><testcase classname="tests.test_vps_2fa_prod" name="test_login_returns_2fa_challenge" time="3.343" /><testcase classname="tests.test_vps_2fa_prod" name="test_verify_wrong_code_returns_400" time="3.184" /><testcase classname="tests.test_vps_2fa_prod" name="test_resend_immediately_throttled_429" time="2.454" /></testsuite></testsuites>